<?xml version="1.0" encoding="UTF-8"?>
<!-- Generated by org.testng.reporters.JUnitReportReporter -->
<testsuite hostname="Fatemas-MBP" failures="0" tests="1" name="com.aetna.page.test.AetnaOtcTestClass" time="21.068" errors="0" timestamp="2021-10-16T13:59:50 EDT" skipped="0">
  <testcase classname="com.aetna.page.test.AetnaOtcTestClass" name="aetnaotctestclass" time="21.068"/>
  <system-out/>
</testsuite> <!-- com.aetna.page.test.AetnaOtcTestClass -->
