<?xml version="1.0" encoding="UTF-8"?>
<!-- Generated by org.testng.reporters.JUnitReportReporter -->
<testsuite hostname="Fatemas-MBP" failures="0" tests="2" name="com.page_object_model.FaceBookTest" time="3.177" errors="1" timestamp="2021-10-19T22:58:11 EDT" skipped="1">
  <testcase classname="com.page_object_model.FaceBookTest" name="uhc" time="0.000">
    <skipped/>
  </testcase> <!-- uhc -->
  <system-out/>
  <testcase classname="com.page_object_model.FaceBookTest" name="browser" time="3.177">
    <error message="session not created: This version of ChromeDriver only supports Chrome version 93
Current browser version is 95.0.4638.54 with binary path /Applications/Google Chrome.app/Contents/MacOS/Google Chrome
Build info: version: &#039;3.141.59&#039;, revision: &#039;e82be7d358&#039;, time: &#039;2018-11-14T08:17:03&#039;
System info: host: &#039;Fatemas-MBP&#039;, ip: &#039;fe80:0:0:0:18d2:5266:5de2:aa51%en0&#039;, os.name: &#039;Mac OS X&#039;, os.arch: &#039;x86_64&#039;, os.version: &#039;11.5&#039;, java.version: &#039;16.0.2&#039;
Driver info: driver.version: ChromeDriver
remote stacktrace: 0   chromedriver                        0x0000000109d376d9 chromedriver + 2758361
1   chromedriver                        0x000000010a3ea893 chromedriver + 9783443
2   chromedriver                        0x0000000109ac2ad8 chromedriver + 183000
3   chromedriver                        0x0000000109ae87e5 chromedriver + 337893
4   chromedriver                        0x0000000109ae4403 chromedriver + 320515
5   chromedriver                        0x0000000109ae0b16 chromedriver + 305942
6   chromedriver                        0x0000000109b19a82 chromedriver + 539266
7   chromedriver                        0x0000000109b13d43 chromedriver + 515395
8   chromedriver                        0x0000000109aeaa0e chromedriver + 346638
9   chromedriver                        0x0000000109aebc75 chromedriver + 351349
10  chromedriver                        0x0000000109cfe1df chromedriver + 2523615
11  chromedriver                        0x0000000109d109f2 chromedriver + 2599410
12  chromedriver                        0x0000000109ce302b chromedriver + 2412587
13  chromedriver                        0x0000000109d11e1a chromedriver + 2604570
14  chromedriver                        0x0000000109cf396c chromedriver + 2480492
15  chromedriver                        0x0000000109d2bd38 chromedriver + 2710840
16  chromedriver                        0x0000000109d2bec1 chromedriver + 2711233
17  chromedriver                        0x0000000109d3c6f8 chromedriver + 2778872
18  libsystem_pthread.dylib             0x00007fff204978fc _pthread_start + 224
19  libsystem_pthread.dylib             0x00007fff20493443 thread_start + 15
" type="org.openqa.selenium.SessionNotCreatedException">
      <![CDATA[org.openqa.selenium.SessionNotCreatedException: session not created: This version of ChromeDriver only supports Chrome version 93
Current browser version is 95.0.4638.54 with binary path /Applications/Google Chrome.app/Contents/MacOS/Google Chrome
Build info: version: '3.141.59', revision: 'e82be7d358', time: '2018-11-14T08:17:03'
System info: host: 'Fatemas-MBP', ip: 'fe80:0:0:0:18d2:5266:5de2:aa51%en0', os.name: 'Mac OS X', os.arch: 'x86_64', os.version: '11.5', java.version: '16.0.2'
Driver info: driver.version: ChromeDriver
remote stacktrace: 0   chromedriver                        0x0000000109d376d9 chromedriver + 2758361
1   chromedriver                        0x000000010a3ea893 chromedriver + 9783443
2   chromedriver                        0x0000000109ac2ad8 chromedriver + 183000
3   chromedriver                        0x0000000109ae87e5 chromedriver + 337893
4   chromedriver                        0x0000000109ae4403 chromedriver + 320515
5   chromedriver                        0x0000000109ae0b16 chromedriver + 305942
6   chromedriver                        0x0000000109b19a82 chromedriver + 539266
7   chromedriver                        0x0000000109b13d43 chromedriver + 515395
8   chromedriver                        0x0000000109aeaa0e chromedriver + 346638
9   chromedriver                        0x0000000109aebc75 chromedriver + 351349
10  chromedriver                        0x0000000109cfe1df chromedriver + 2523615
11  chromedriver                        0x0000000109d109f2 chromedriver + 2599410
12  chromedriver                        0x0000000109ce302b chromedriver + 2412587
13  chromedriver                        0x0000000109d11e1a chromedriver + 2604570
14  chromedriver                        0x0000000109cf396c chromedriver + 2480492
15  chromedriver                        0x0000000109d2bd38 chromedriver + 2710840
16  chromedriver                        0x0000000109d2bec1 chromedriver + 2711233
17  chromedriver                        0x0000000109d3c6f8 chromedriver + 2778872
18  libsystem_pthread.dylib             0x00007fff204978fc _pthread_start + 224
19  libsystem_pthread.dylib             0x00007fff20493443 thread_start + 15

at java.base/jdk.internal.reflect.NativeConstructorAccessorImpl.newInstance0(Native Method)
at java.base/jdk.internal.reflect.NativeConstructorAccessorImpl.newInstance(NativeConstructorAccessorImpl.java:78)
at java.base/jdk.internal.reflect.DelegatingConstructorAccessorImpl.newInstance(DelegatingConstructorAccessorImpl.java:45)
at java.base/java.lang.reflect.Constructor.newInstanceWithCaller(Constructor.java:499)
at java.base/java.lang.reflect.Constructor.newInstance(Constructor.java:480)
at org.openqa.selenium.remote.W3CHandshakeResponse.lambda$errorHandler$0(W3CHandshakeResponse.java:62)
at org.openqa.selenium.remote.HandshakeResponse.lambda$getResponseFunction$0(HandshakeResponse.java:30)
at org.openqa.selenium.remote.ProtocolHandshake.lambda$createSession$0(ProtocolHandshake.java:126)
at java.base/java.util.stream.ReferencePipeline$3$1.accept(ReferencePipeline.java:197)
at java.base/java.util.Spliterators$ArraySpliterator.tryAdvance(Spliterators.java:958)
at java.base/java.util.stream.ReferencePipeline.forEachWithCancel(ReferencePipeline.java:129)
at java.base/java.util.stream.AbstractPipeline.copyIntoWithCancel(AbstractPipeline.java:502)
at java.base/java.util.stream.AbstractPipeline.copyInto(AbstractPipeline.java:488)
at java.base/java.util.stream.AbstractPipeline.wrapAndCopyInto(AbstractPipeline.java:474)
at java.base/java.util.stream.FindOps$FindOp.evaluateSequential(FindOps.java:150)
at java.base/java.util.stream.AbstractPipeline.evaluate(AbstractPipeline.java:234)
at java.base/java.util.stream.ReferencePipeline.findFirst(ReferencePipeline.java:647)
at org.openqa.selenium.remote.ProtocolHandshake.createSession(ProtocolHandshake.java:128)
at org.openqa.selenium.remote.ProtocolHandshake.createSession(ProtocolHandshake.java:74)
at org.openqa.selenium.remote.HttpCommandExecutor.execute(HttpCommandExecutor.java:136)
at org.openqa.selenium.remote.service.DriverCommandExecutor.execute(DriverCommandExecutor.java:83)
at org.openqa.selenium.remote.RemoteWebDriver.execute(RemoteWebDriver.java:552)
at org.openqa.selenium.remote.RemoteWebDriver.startSession(RemoteWebDriver.java:213)
at org.openqa.selenium.remote.RemoteWebDriver.<init>(RemoteWebDriver.java:131)
at org.openqa.selenium.chrome.ChromeDriver.<init>(ChromeDriver.java:181)
at org.openqa.selenium.chrome.ChromeDriver.<init>(ChromeDriver.java:168)
at org.openqa.selenium.chrome.ChromeDriver.<init>(ChromeDriver.java:123)
at com.page_object_model.Common.browser(Common.java:18)
at java.base/jdk.internal.reflect.NativeMethodAccessorImpl.invoke0(Native Method)
at java.base/jdk.internal.reflect.NativeMethodAccessorImpl.invoke(NativeMethodAccessorImpl.java:78)
at java.base/jdk.internal.reflect.DelegatingMethodAccessorImpl.invoke(DelegatingMethodAccessorImpl.java:43)
at java.base/java.lang.reflect.Method.invoke(Method.java:567)
at org.testng.internal.MethodInvocationHelper.invokeMethod(MethodInvocationHelper.java:133)
at org.testng.internal.MethodInvocationHelper.invokeMethodConsideringTimeout(MethodInvocationHelper.java:62)
at org.testng.internal.ConfigInvoker.invokeConfigurationMethod(ConfigInvoker.java:385)
at org.testng.internal.ConfigInvoker.invokeConfigurations(ConfigInvoker.java:321)
at org.testng.TestRunner.invokeTestConfigurations(TestRunner.java:637)
at org.testng.TestRunner.beforeRun(TestRunner.java:627)
at org.testng.TestRunner.run(TestRunner.java:589)
at org.testng.SuiteRunner.runTest(SuiteRunner.java:377)
at org.testng.SuiteRunner.runSequentially(SuiteRunner.java:371)
at org.testng.SuiteRunner.privateRun(SuiteRunner.java:332)
at org.testng.SuiteRunner.run(SuiteRunner.java:276)
at org.testng.SuiteRunnerWorker.runSuite(SuiteRunnerWorker.java:53)
at org.testng.SuiteRunnerWorker.run(SuiteRunnerWorker.java:96)
at org.testng.TestNG.runSuitesSequentially(TestNG.java:1212)
at org.testng.TestNG.runSuitesLocally(TestNG.java:1134)
at org.testng.TestNG.runSuites(TestNG.java:1063)
at org.testng.TestNG.run(TestNG.java:1031)
at org.testng.remote.AbstractRemoteTestNG.run(AbstractRemoteTestNG.java:115)
at org.testng.remote.RemoteTestNG.initAndRun(RemoteTestNG.java:251)
at org.testng.remote.RemoteTestNG.main(RemoteTestNG.java:77)
]]>
    </error>
  </testcase> <!-- browser -->
  <system-out/>
</testsuite> <!-- com.page_object_model.FaceBookTest -->
