<?xml version="1.0" encoding="UTF-8"?>
<!-- Generated by org.testng.reporters.JUnitReportReporter -->
<testsuite hostname="Fatemas-MBP" failures="0" tests="1" name="health_care_test.AetnaOtcTestClass" time="14.588" errors="0" timestamp="2021-10-24T16:05:08 EDT" skipped="0">
  <testcase classname="health_care_test.AetnaOtcTestClass" name="aetnaotctestclass" time="14.588"/>
  <system-out/>
</testsuite> <!-- health_care_test.AetnaOtcTestClass -->
